Arguments: 
  /usr/bin/node /usr/local/bin/yarn add express@4.16.4 body-parser@1.18.3 compression@1.7.3 cors@2.8.5 crypto@1.0.1 ejs@2.6.1 express-jwt@5.3.1 faker@4.1.0 jsonjwebtoken@8.4.0 moment@2.23.0 mongoose@5.4.0 mongoose-paginate@5.0.3 mongoose-unique-validator@2.0.2 morgan@1.9.1 multer@1.4.1 node-pagseguro@0.1.9 nodemailer@4.7.0 request@2.88.0 xml2js@0.4.19

PATH: 
  /usr/local/sbin:/usr/local/bin:/usr/sbin:/usr/bin:/sbin:/bin:/usr/games:/usr/local/games:/mnt/c/Windows/system32:/mnt/c/Windows:/mnt/c/Windows/System32/Wbem:/mnt/c/Windows/System32/WindowsPowerShell/v1.0/:/mnt/c/Windows/System32/OpenSSH/:/mnt/c/ProgramData/chocolatey/bin:/mnt/c/Program Files/Git/cmd:/mnt/c/Users/crist/AppData/Local/Programs/Microsoft VS Code/bin:/mnt/c/tools/Cmder:/mnt/c/Users/crist/AppData/Local/hyper/app-3.0.2/resources/bin:/snap/bin

Yarn version: 
  1.22.10

Node version: 
  10.19.0

Platform: 
  linux x64

Trace: 
  Error: https://registry.yarnpkg.com/jsonjwebtoken: Not found
      at Request.params.callback [as _callback] (/usr/local/lib/node_modules/yarn/lib/cli.js:66988:18)
      at Request.self.callback (/usr/local/lib/node_modules/yarn/lib/cli.js:140662:22)
      at Request.emit (events.js:198:13)
      at Request.<anonymous> (/usr/local/lib/node_modules/yarn/lib/cli.js:141634:10)
      at Request.emit (events.js:198:13)
      at IncomingMessage.<anonymous> (/usr/local/lib/node_modules/yarn/lib/cli.js:141556:12)
      at Object.onceWrapper (events.js:286:20)
      at IncomingMessage.emit (events.js:203:15)
      at endReadableNT (_stream_readable.js:1145:12)
      at process._tickCallback (internal/process/next_tick.js:63:19)

npm manifest: 
  {
    "name": "ecommerce-api",
    "version": "0.0.1",
    "description": "Api para E-commerce",
    "main": "server.js",
    "author": "Cristiano Borges",
    "license": "ISC"
  }

yarn manifest: 
  No manifest

Lockfile: 
  No lockfile
